Build started 2/3/2015 11:56:14 AM.
     1>Project "C:\Users\wade.gushikuma\Documents\GitHub\EngineRefactored\engine\engine.vcxproj" on node 2 (Build target(s)).
     1>ClCompile:
         C:\Program Files (x86)\Microsoft Visual Studio 12.0\VC\bin\CL.exe /c /ZI /nologo /W3 /WX- /sdl /Od /Oy- /D GLEW_STATIC /D _MBCS /Gm /EHsc /RTC1 /MDd /GS /fp:precise /Zc:wchar_t /Zc:forScope /Fo"Debug\\" /Fd"Debug\vc120.pdb" /Gd /TP /analyze- /errorReport:prompt main.cpp quad.cpp
         quad.cpp
     1>c:\users\wade.gushikuma\documents\github\enginerefactored\engine\quad.cpp(196): warning C4244: '=' : conversion from 'double' to 'float', possible loss of data
     1>c:\users\wade.gushikuma\documents\github\enginerefactored\engine\quad.cpp(198): warning C4244: '=' : conversion from 'double' to 'float', possible loss of data
     1>c:\users\wade.gushikuma\documents\github\enginerefactored\engine\quad.cpp(200): warning C4244: '=' : conversion from 'double' to 'float', possible loss of data
         main.cpp
         Generating Code...
     1>c:\users\wade.gushikuma\documents\github\enginerefactored\engine\quad.cpp(241): warning C4715: 'Quad::loadTexture' : not all control paths return a value
       Link:
         C:\Program Files (x86)\Microsoft Visual Studio 12.0\VC\bin\link.exe /ERRORREPORT:PROMPT /OUT:"C:\Users\wade.gushikuma\Documents\GitHub\EngineRefactored\Debug\engine.exe" /INCREMENTAL /NOLOGO glew32s.lib opengl32.lib glfw3.lib SOIL.lib kernel32.lib user32.lib gdi32.lib winspool.lib comdlg32.lib advapi32.lib shell32.lib ole32.lib oleaut32.lib uuid.lib odbc32.lib odbccp32.lib /MANIFEST /MANIFESTUAC:"level='asInvoker' uiAccess='false'" /manifest:embed /DEBUG /PDB:"C:\Users\wade.gushikuma\Documents\GitHub\EngineRefactored\Debug\engine.pdb" /TLBID:1 /DYNAMICBASE /NXCOMPAT /IMPLIB:"C:\Users\wade.gushikuma\Documents\GitHub\EngineRefactored\Debug\engine.lib" /MACHINE:X86 Debug\main.obj
         Debug\quad.obj
     1>LINK : warning LNK4098: defaultlib 'LIBCMT' conflicts with use of other libs; use /NODEFAULTLIB:library
     1>LINK : warning LNK4098: defaultlib 'MSVCRT' conflicts with use of other libs; use /NODEFAULTLIB:library
     1>glew32s.lib(glew.obj) : warning LNK4099: PDB 'vc120.pdb' was not found with 'glew32s.lib(glew.obj)' or at 'C:\Users\wade.gushikuma\Documents\GitHub\EngineRefactored\Debug\vc120.pdb'; linking object as if no debug info
     1>SOIL.lib(image_DXT.obj) : warning LNK4099: PDB 'vc120.pdb' was not found with 'SOIL.lib(image_DXT.obj)' or at 'C:\Users\wade.gushikuma\Documents\GitHub\EngineRefactored\Debug\vc120.pdb'; linking object as if no debug info
     1>SOIL.lib(image_helper.obj) : warning LNK4099: PDB 'vc120.pdb' was not found with 'SOIL.lib(image_helper.obj)' or at 'C:\Users\wade.gushikuma\Documents\GitHub\EngineRefactored\Debug\vc120.pdb'; linking object as if no debug info
     1>SOIL.lib(SOIL.obj) : warning LNK4099: PDB 'vc120.pdb' was not found with 'SOIL.lib(SOIL.obj)' or at 'C:\Users\wade.gushikuma\Documents\GitHub\EngineRefactored\Debug\vc120.pdb'; linking object as if no debug info
     1>SOIL.lib(stb_image_aug.obj) : warning LNK4099: PDB 'vc120.pdb' was not found with 'SOIL.lib(stb_image_aug.obj)' or at 'C:\Users\wade.gushikuma\Documents\GitHub\EngineRefactored\Debug\vc120.pdb'; linking object as if no debug info
         engine.vcxproj -> C:\Users\wade.gushikuma\Documents\GitHub\EngineRefactored\Debug\engine.exe
     1>Done Building Project "C:\Users\wade.gushikuma\Documents\GitHub\EngineRefactored\engine\engine.vcxproj" (Build target(s)).

Build succeeded.

Time Elapsed 00:00:01.98
