c:\users\wade.gushikuma\documents\github\enginerefactored\enginerefactored\engine\debug\vc120.pdb
c:\users\wade.gushikuma\documents\github\enginerefactored\enginerefactored\engine\debug\vc120.idb
c:\users\wade.gushikuma\documents\github\enginerefactored\enginerefactored\engine\debug\main.obj
c:\users\wade.gushikuma\documents\github\enginerefactored\enginerefactored\engine\debug\quad.obj
c:\users\wade.gushikuma\documents\github\enginerefactored\enginerefactored\engine\debug\sprite.obj
c:\users\wade.gushikuma\documents\github\enginerefactored\enginerefactored\engine\debug\text.obj
c:\users\wade.gushikuma\documents\github\enginerefactored\enginerefactored\engine\debug\tinyxml2.obj
c:\users\wade.gushikuma\documents\github\enginerefactored\enginerefactored\debug\engine.pdb
c:\users\wade.gushikuma\documents\github\enginerefactored\enginerefactored\engine\debug\engine.tlog\cl.command.1.tlog
c:\users\wade.gushikuma\documents\github\enginerefactored\enginerefactored\engine\debug\engine.tlog\cl.read.1.tlog
c:\users\wade.gushikuma\documents\github\enginerefactored\enginerefactored\engine\debug\engine.tlog\cl.write.1.tlog
c:\users\wade.gushikuma\documents\github\enginerefactored\enginerefactored\engine\debug\engine.tlog\link-cvtres.read.1.tlog
c:\users\wade.gushikuma\documents\github\enginerefactored\enginerefactored\engine\debug\engine.tlog\link-cvtres.write.1.tlog
c:\users\wade.gushikuma\documents\github\enginerefactored\enginerefactored\engine\debug\engine.tlog\link-rc.read.1.tlog
c:\users\wade.gushikuma\documents\github\enginerefactored\enginerefactored\engine\debug\engine.tlog\link-rc.write.1.tlog
c:\users\wade.gushikuma\documents\github\enginerefactored\enginerefactored\engine\debug\engine.tlog\link.7232-cvtres.read.1.tlog
c:\users\wade.gushikuma\documents\github\enginerefactored\enginerefactored\engine\debug\engine.tlog\link.7232-cvtres.write.1.tlog
c:\users\wade.gushikuma\documents\github\enginerefactored\enginerefactored\engine\debug\engine.tlog\link.7232-rc.read.1.tlog
c:\users\wade.gushikuma\documents\github\enginerefactored\enginerefactored\engine\debug\engine.tlog\link.7232-rc.write.1.tlog
c:\users\wade.gushikuma\documents\github\enginerefactored\enginerefactored\engine\debug\engine.tlog\link.7232.read.1.tlog
c:\users\wade.gushikuma\documents\github\enginerefactored\enginerefactored\engine\debug\engine.tlog\link.7232.write.1.tlog
c:\users\wade.gushikuma\documents\github\enginerefactored\enginerefactored\engine\debug\engine.tlog\link.command.1.tlog
c:\users\wade.gushikuma\documents\github\enginerefactored\enginerefactored\engine\debug\engine.tlog\link.read.1.tlog
c:\users\wade.gushikuma\documents\github\enginerefactored\enginerefactored\engine\debug\engine.tlog\link.write.1.tlog
